<?xml version="1.0" encoding="UTF-8"?>
<!-- Generated by org.testng.reporters.JUnitXMLReporter -->
<testsuite ignored="0" hostname="shruti" failures="0" tests="8" name="Default test" time="73.806" errors="0" timestamp="2023-04-11T15:23:25 IST">
  <testcase classname="testCase.TC01" name="verifyCareerOption" time="0.36"/>
  <testcase classname="testCase.TC01" name="verifyCookiesHandle" time="0.3"/>
  <testcase classname="testCase.TC01" name="verifyGetWindowCareerHandle" time="0.794"/>
  <testcase classname="testCase.TC01" name="verifyGetWindowHandle" time="4.297"/>
  <testcase classname="testCase.TC01" name="verifyMouseHover" time="2.085"/>
  <testcase classname="testCase.TC01" name="verifyScrollDown" time="0.678"/>
  <testcase classname="testCase.TC01" name="verifyScrollUp" time="0.025"/>
  <testcase classname="testCase.TC01" name="verifySearchBar" time="3.986"/>
</testsuite> <!-- Default test -->
