<?xml version="1.0" encoding="UTF-8"?>
<testng-results ignored="0" total="8" passed="8" failed="0" skipped="0">
  <reporter-output>
  </reporter-output>
  <suite started-at="2023-04-11T15:22:11 IST" name="Default suite" finished-at="2023-04-11T15:23:25 IST" duration-ms="73806">
    <groups>
    </groups>
    <test started-at="2023-04-11T15:22:11 IST" name="Default test" finished-at="2023-04-11T15:23:25 IST" duration-ms="73806">
      <class name="testCase.TC01">
        <test-method is-config="true" signature="BeforeMethod()[pri:0, instance:testCase.TC01@21e360a]" started-at="2023-04-11T15:22:11 IST" name="BeforeMethod" finished-at="2023-04-11T15:22:17 IST" duration-ms="6035" status="PASS">
          <reporter-output>
          </reporter-output>
        </test-method> <!-- BeforeMethod -->
        <test-method signature="verifyCareerOption()[pri:0, instance:testCase.TC01@21e360a]" started-at="2023-04-11T15:22:17 IST" name="verifyCareerOption" finished-at="2023-04-11T15:22:17 IST" duration-ms="360" status="PASS">
          <reporter-output>
          </reporter-output>
        </test-method> <!-- verifyCareerOption -->
        <test-method is-config="true" signature="afterMethod()[pri:0, instance:testCase.TC01@21e360a]" started-at="2023-04-11T15:22:17 IST" name="afterMethod" finished-at="2023-04-11T15:22:18 IST" duration-ms="626" status="PASS">
          <reporter-output>
          </reporter-output>
        </test-method> <!-- afterMethod -->
        <test-method is-config="true" signature="BeforeMethod()[pri:0, instance:testCase.TC01@21e360a]" started-at="2023-04-11T15:22:18 IST" name="BeforeMethod" finished-at="2023-04-11T15:22:24 IST" duration-ms="6346" status="PASS">
          <reporter-output>
          </reporter-output>
        </test-method> <!-- BeforeMethod -->
        <test-method signature="verifyCookiesHandle()[pri:0, instance:testCase.TC01@21e360a]" started-at="2023-04-11T15:22:24 IST" name="verifyCookiesHandle" finished-at="2023-04-11T15:22:25 IST" duration-ms="300" status="PASS">
          <reporter-output>
          </reporter-output>
        </test-method> <!-- verifyCookiesHandle -->
        <test-method is-config="true" signature="afterMethod()[pri:0, instance:testCase.TC01@21e360a]" started-at="2023-04-11T15:22:25 IST" name="afterMethod" finished-at="2023-04-11T15:22:25 IST" duration-ms="522" status="PASS">
          <reporter-output>
          </reporter-output>
        </test-method> <!-- afterMethod -->
        <test-method is-config="true" signature="BeforeMethod()[pri:0, instance:testCase.TC01@21e360a]" started-at="2023-04-11T15:22:25 IST" name="BeforeMethod" finished-at="2023-04-11T15:22:33 IST" duration-ms="7494" status="PASS">
          <reporter-output>
          </reporter-output>
        </test-method> <!-- BeforeMethod -->
        <test-method signature="verifyGetWindowCareerHandle()[pri:0, instance:testCase.TC01@21e360a]" started-at="2023-04-11T15:22:33 IST" name="verifyGetWindowCareerHandle" finished-at="2023-04-11T15:22:33 IST" duration-ms="794" status="PASS">
          <reporter-output>
          </reporter-output>
        </test-method> <!-- verifyGetWindowCareerHandle -->
        <test-method is-config="true" signature="afterMethod()[pri:0, instance:testCase.TC01@21e360a]" started-at="2023-04-11T15:22:33 IST" name="afterMethod" finished-at="2023-04-11T15:22:35 IST" duration-ms="1150" status="PASS">
          <reporter-output>
          </reporter-output>
        </test-method> <!-- afterMethod -->
        <test-method is-config="true" signature="BeforeMethod()[pri:0, instance:testCase.TC01@21e360a]" started-at="2023-04-11T15:22:35 IST" name="BeforeMethod" finished-at="2023-04-11T15:22:40 IST" duration-ms="5808" status="PASS">
          <reporter-output>
          </reporter-output>
        </test-method> <!-- BeforeMethod -->
        <test-method signature="verifyGetWindowHandle()[pri:0, instance:testCase.TC01@21e360a]" started-at="2023-04-11T15:22:40 IST" name="verifyGetWindowHandle" finished-at="2023-04-11T15:22:45 IST" duration-ms="4297" status="PASS">
          <reporter-output>
          </reporter-output>
        </test-method> <!-- verifyGetWindowHandle -->
        <test-method is-config="true" signature="afterMethod()[pri:0, instance:testCase.TC01@21e360a]" started-at="2023-04-11T15:22:45 IST" name="afterMethod" finished-at="2023-04-11T15:22:45 IST" duration-ms="556" status="PASS">
          <reporter-output>
          </reporter-output>
        </test-method> <!-- afterMethod -->
        <test-method is-config="true" signature="BeforeMethod()[pri:0, instance:testCase.TC01@21e360a]" started-at="2023-04-11T15:22:45 IST" name="BeforeMethod" finished-at="2023-04-11T15:22:51 IST" duration-ms="5751" status="PASS">
          <reporter-output>
          </reporter-output>
        </test-method> <!-- BeforeMethod -->
        <test-method signature="verifyMouseHover()[pri:0, instance:testCase.TC01@21e360a]" started-at="2023-04-11T15:22:51 IST" name="verifyMouseHover" finished-at="2023-04-11T15:22:53 IST" duration-ms="2085" status="PASS">
          <reporter-output>
          </reporter-output>
        </test-method> <!-- verifyMouseHover -->
        <test-method is-config="true" signature="afterMethod()[pri:0, instance:testCase.TC01@21e360a]" started-at="2023-04-11T15:22:53 IST" name="afterMethod" finished-at="2023-04-11T15:22:54 IST" duration-ms="1067" status="PASS">
          <reporter-output>
          </reporter-output>
        </test-method> <!-- afterMethod -->
        <test-method is-config="true" signature="BeforeMethod()[pri:0, instance:testCase.TC01@21e360a]" started-at="2023-04-11T15:22:54 IST" name="BeforeMethod" finished-at="2023-04-11T15:23:00 IST" duration-ms="5945" status="PASS">
          <reporter-output>
          </reporter-output>
        </test-method> <!-- BeforeMethod -->
        <test-method signature="verifyScrollDown()[pri:0, instance:testCase.TC01@21e360a]" started-at="2023-04-11T15:23:00 IST" name="verifyScrollDown" finished-at="2023-04-11T15:23:01 IST" duration-ms="678" status="PASS">
          <reporter-output>
          </reporter-output>
        </test-method> <!-- verifyScrollDown -->
        <test-method is-config="true" signature="afterMethod()[pri:0, instance:testCase.TC01@21e360a]" started-at="2023-04-11T15:23:01 IST" name="afterMethod" finished-at="2023-04-11T15:23:01 IST" duration-ms="68" status="PASS">
          <reporter-output>
          </reporter-output>
        </test-method> <!-- afterMethod -->
        <test-method is-config="true" signature="BeforeMethod()[pri:0, instance:testCase.TC01@21e360a]" started-at="2023-04-11T15:23:01 IST" name="BeforeMethod" finished-at="2023-04-11T15:23:10 IST" duration-ms="9144" status="PASS">
          <reporter-output>
          </reporter-output>
        </test-method> <!-- BeforeMethod -->
        <test-method signature="verifyScrollUp()[pri:0, instance:testCase.TC01@21e360a]" started-at="2023-04-11T15:23:10 IST" name="verifyScrollUp" finished-at="2023-04-11T15:23:10 IST" duration-ms="25" status="PASS">
          <reporter-output>
          </reporter-output>
        </test-method> <!-- verifyScrollUp -->
        <test-method is-config="true" signature="afterMethod()[pri:0, instance:testCase.TC01@21e360a]" started-at="2023-04-11T15:23:10 IST" name="afterMethod" finished-at="2023-04-11T15:23:11 IST" duration-ms="1104" status="PASS">
          <reporter-output>
          </reporter-output>
        </test-method> <!-- afterMethod -->
        <test-method is-config="true" signature="BeforeMethod()[pri:0, instance:testCase.TC01@21e360a]" started-at="2023-04-11T15:23:11 IST" name="BeforeMethod" finished-at="2023-04-11T15:23:20 IST" duration-ms="8907" status="PASS">
          <reporter-output>
          </reporter-output>
        </test-method> <!-- BeforeMethod -->
        <test-method signature="verifySearchBar()[pri:0, instance:testCase.TC01@21e360a]" started-at="2023-04-11T15:23:20 IST" name="verifySearchBar" finished-at="2023-04-11T15:23:24 IST" duration-ms="3986" status="PASS">
          <reporter-output>
          </reporter-output>
        </test-method> <!-- verifySearchBar -->
        <test-method is-config="true" signature="afterMethod()[pri:0, instance:testCase.TC01@21e360a]" started-at="2023-04-11T15:23:24 IST" name="afterMethod" finished-at="2023-04-11T15:23:25 IST" duration-ms="696" status="PASS">
          <reporter-output>
          </reporter-output>
        </test-method> <!-- afterMethod -->
      </class> <!-- testCase.TC01 -->
    </test> <!-- Default test -->
  </suite> <!-- Default suite -->
</testng-results>
